<?xml version="1.0" encoding="UTF-8"?>
<testng-results skipped="0" failed="0" ignored="0" total="1" passed="1">
  <reporter-output>
  </reporter-output>
  <suite name="Default suite" duration-ms="1528" started-at="2019-07-10T18:46:16Z" finished-at="2019-07-10T18:46:18Z">
    <groups>
    </groups>
    <test name="Default test" duration-ms="1528" started-at="2019-07-10T18:46:16Z" finished-at="2019-07-10T18:46:18Z">
      <class name="GetReq.Authetication">
        <test-method status="PASS" signature="author()[pri:0, instance:GetReq.Authetication@d8355a8]" name="author" duration-ms="1510" started-at="2019-07-10T18:46:16Z" finished-at="2019-07-10T18:46:18Z">
          <reporter-output>
          </reporter-output>
        </test-method> <!-- author -->
      </class> <!-- GetReq.Authetication -->
    </test> <!-- Default test -->
  </suite> <!-- Default suite -->
</testng-results>
