<?xml version="1.0" encoding="UTF-8"?>
<testng-results skipped="0" failed="0" ignored="0" total="1" passed="1">
  <reporter-output>
  </reporter-output>
  <suite name="Default suite" duration-ms="8279" started-at="2019-07-18T10:41:14Z" finished-at="2019-07-18T10:41:23Z">
    <groups>
    </groups>
    <test name="Default test" duration-ms="8279" started-at="2019-07-18T10:41:14Z" finished-at="2019-07-18T10:41:23Z">
      <class name="PostReq.OnO">
        <test-method status="PASS" signature="bearer()[pri:0, instance:PostReq.OnO@224edc67]" name="bearer" duration-ms="8174" started-at="2019-07-18T10:41:15Z" finished-at="2019-07-18T10:41:23Z">
          <reporter-output>
          </reporter-output>
        </test-method> <!-- bearer -->
      </class> <!-- PostReq.OnO -->
    </test> <!-- Default test -->
  </suite> <!-- Default suite -->
</testng-results>
